0 info it worked if it ends with ok
1 verbose cli [ 'node',
1 verbose cli   '/Users/Administrador/.meteor/packages/meteor-tool/.1.3.2_4.lbyo5v++os.osx.x86_64+web.browser+web.cordova/mt-os.osx.x86_64/dev_bundle/bin/npm',
1 verbose cli   'install',
1 verbose cli   'angular-ui-route',
1 verbose cli   '--save',
1 verbose cli   'angular-ui-route' ]
2 info using npm@2.14.22
3 info using node@v0.10.43
4 verbose install initial load of /Users/Administrador/www/homeorganize/package.json
5 verbose installManyTop reading scoped package data from /Users/Administrador/www/homeorganize/node_modules/meteor-node-stubs/package.json
6 verbose readDependencies loading dependencies from /Users/Administrador/www/homeorganize/package.json
7 silly cache add args [ 'angular-ui-route', null ]
8 verbose cache add spec angular-ui-route
9 silly cache add args [ 'angular-ui-route', null ]
10 verbose cache add spec angular-ui-route
11 silly cache add parsed spec { raw: 'angular-ui-route',
11 silly cache add   scope: null,
11 silly cache add   name: 'angular-ui-route',
11 silly cache add   rawSpec: '',
11 silly cache add   spec: 'latest',
11 silly cache add   type: 'tag' }
12 silly addNamed angular-ui-route@latest
13 verbose addNamed "latest" is being treated as a dist-tag for angular-ui-route
14 info addNameTag [ 'angular-ui-route', 'latest' ]
15 silly mapToRegistry name angular-ui-route
16 silly mapToRegistry using default registry
17 silly mapToRegistry registry https://registry.npmjs.org/
18 silly mapToRegistry uri https://registry.npmjs.org/angular-ui-route
19 verbose addNameTag registry:https://registry.npmjs.org/angular-ui-route not in flight; fetching
20 silly cache add parsed spec { raw: 'angular-ui-route',
20 silly cache add   scope: null,
20 silly cache add   name: 'angular-ui-route',
20 silly cache add   rawSpec: '',
20 silly cache add   spec: 'latest',
20 silly cache add   type: 'tag' }
21 silly addNamed angular-ui-route@latest
22 verbose addNamed "latest" is being treated as a dist-tag for angular-ui-route
23 info addNameTag [ 'angular-ui-route', 'latest' ]
24 silly mapToRegistry name angular-ui-route
25 silly mapToRegistry using default registry
26 silly mapToRegistry registry https://registry.npmjs.org/
27 silly mapToRegistry uri https://registry.npmjs.org/angular-ui-route
28 verbose addNameTag registry:https://registry.npmjs.org/angular-ui-route already in flight; waiting
29 verbose request uri https://registry.npmjs.org/angular-ui-route
30 verbose request no auth needed
31 info attempt registry request try #1 at 16:36:03
32 verbose request id 55a008d078f43168
33 http request GET https://registry.npmjs.org/angular-ui-route
34 http 404 https://registry.npmjs.org/angular-ui-route
35 verbose headers { 'content-type': 'application/json',
35 verbose headers   'cache-control': 'max-age=0',
35 verbose headers   'content-length': '2',
35 verbose headers   'accept-ranges': 'bytes',
35 verbose headers   date: 'Tue, 17 May 2016 19:36:02 GMT',
35 verbose headers   via: '1.1 varnish',
35 verbose headers   age: '0',
35 verbose headers   connection: 'keep-alive',
35 verbose headers   'x-served-by': 'cache-iad2131-IAD',
35 verbose headers   'x-cache': 'MISS',
35 verbose headers   'x-cache-hits': '0',
35 verbose headers   'x-timer': 'S1463513762.486181,VS0,VE98',
35 verbose headers   vary: 'Accept-Encoding' }
36 silly get cb [ 404,
36 silly get   { 'content-type': 'application/json',
36 silly get     'cache-control': 'max-age=0',
36 silly get     'content-length': '2',
36 silly get     'accept-ranges': 'bytes',
36 silly get     date: 'Tue, 17 May 2016 19:36:02 GMT',
36 silly get     via: '1.1 varnish',
36 silly get     age: '0',
36 silly get     connection: 'keep-alive',
36 silly get     'x-served-by': 'cache-iad2131-IAD',
36 silly get     'x-cache': 'MISS',
36 silly get     'x-cache-hits': '0',
36 silly get     'x-timer': 'S1463513762.486181,VS0,VE98',
36 silly get     vary: 'Accept-Encoding' } ]
37 verbose stack Error: Registry returned 404 for GET on https://registry.npmjs.org/angular-ui-route
37 verbose stack     at makeError (/Users/Administrador/.meteor/packages/meteor-tool/.1.3.2_4.lbyo5v++os.osx.x86_64+web.browser+web.cordova/mt-os.osx.x86_64/dev_bundle/lib/node_modules/npm/node_modules/npm-registry-client/lib/request.js:264:12)
37 verbose stack     at CachingRegistryClient.<anonymous> (/Users/Administrador/.meteor/packages/meteor-tool/.1.3.2_4.lbyo5v++os.osx.x86_64+web.browser+web.cordova/mt-os.osx.x86_64/dev_bundle/lib/node_modules/npm/node_modules/npm-registry-client/lib/request.js:242:14)
37 verbose stack     at Request._callback (/Users/Administrador/.meteor/packages/meteor-tool/.1.3.2_4.lbyo5v++os.osx.x86_64+web.browser+web.cordova/mt-os.osx.x86_64/dev_bundle/lib/node_modules/npm/node_modules/npm-registry-client/lib/request.js:172:14)
37 verbose stack     at Request.self.callback (/Users/Administrador/.meteor/packages/meteor-tool/.1.3.2_4.lbyo5v++os.osx.x86_64+web.browser+web.cordova/mt-os.osx.x86_64/dev_bundle/lib/node_modules/npm/node_modules/request/request.js:199:22)
37 verbose stack     at Request.emit (events.js:98:17)
37 verbose stack     at Request.<anonymous> (/Users/Administrador/.meteor/packages/meteor-tool/.1.3.2_4.lbyo5v++os.osx.x86_64+web.browser+web.cordova/mt-os.osx.x86_64/dev_bundle/lib/node_modules/npm/node_modules/request/request.js:1036:10)
37 verbose stack     at Request.emit (events.js:117:20)
37 verbose stack     at IncomingMessage.<anonymous> (/Users/Administrador/.meteor/packages/meteor-tool/.1.3.2_4.lbyo5v++os.osx.x86_64+web.browser+web.cordova/mt-os.osx.x86_64/dev_bundle/lib/node_modules/npm/node_modules/request/request.js:963:12)
37 verbose stack     at IncomingMessage.emit (events.js:117:20)
37 verbose stack     at _stream_readable.js:944:16
38 verbose statusCode 404
39 verbose pkgid angular-ui-route
40 verbose cwd /Users/Administrador/www/homeorganize
41 error Darwin 15.3.0
42 error argv "node" "/Users/Administrador/.meteor/packages/meteor-tool/.1.3.2_4.lbyo5v++os.osx.x86_64+web.browser+web.cordova/mt-os.osx.x86_64/dev_bundle/bin/npm" "install" "angular-ui-route" "--save" "angular-ui-route"
43 error node v0.10.43
44 error npm  v2.14.22
45 error code E404
46 error 404 Registry returned 404 for GET on https://registry.npmjs.org/angular-ui-route
46 error 404
46 error 404 'angular-ui-route' is not in the npm registry.
46 error 404 You should bug the author to publish it (or use the name yourself!)
46 error 404 It was specified as a dependency of 'homeorganize'
46 error 404
46 error 404 Note that you can also install from a
46 error 404 tarball, folder, http url, or git url.
47 verbose exit [ 1, true ]
